[debug] ----------------------------------------------------------------------
[debug] Command:      C:\Program Files\nodejs\node.exe C:\Users\donato.ressa\AppData\Roaming\npm\node_modules\firebase-tools\bin\firebase deploy --only hosting
[debug] CLI Version:  3.6.1
[debug] Platform:     win32
[debug] Node Version: v6.4.0
[debug] Time:         Mon Sep 11 2017 15:22:02 GMT-0300 (E. South America Standard Time)
[debug] ----------------------------------------------------------------------
[debug] 
[debug] > command requires scopes: ["email","openid","https://www.googleapis.com/auth/cloudplatformprojects.readonly","https://www.googleapis.com/auth/firebase","https://www.googleapis.com/auth/cloud-platform"]
[debug] >>> HTTP REQUEST GET https://admin.firebase.com/v1/projects/petquest-70299  
 Mon Sep 11 2017 15:22:02 GMT-0300 (E. South America Standard Time)
[debug] <<< HTTP RESPONSE 200
[debug] >>> HTTP REQUEST GET https://admin.firebase.com/v1/database/petquest-70299/tokens  
 Mon Sep 11 2017 15:22:04 GMT-0300 (E. South America Standard Time)
[debug] <<< HTTP RESPONSE 200
[info] 
[info] === Deploying to 'petquest-70299'...
[info] 
[info] i  deploying hosting
[info] i  hosting: preparing web directory for upload...
[debug] >>> HTTP REQUEST PUT https://deploy.firebase.com/v1/hosting/petquest-70299/uploads/-KtmAL5HmnDhrOhKOxi6?fileCount=72&message=  
 Mon Sep 11 2017 15:22:23 GMT-0300 (E. South America Standard Time)
